Application2/build/outputs/logs/manifest-merger-debug-report.txt
-- Merging decision tree log ---
manifest
ADDED from src/main/AndroidManifest.xml:17:1-50:12
	package
		ADDED from src/main/AndroidManifest.xml:18:5-53
	xmlns:android
		ADDED from src/main/AndroidManifest.xml:17:11-69
uses-sdk
ADDED from src/main/AndroidManifest.xml:20:5-21:47
MERGED from [com.android.support:multidex:1.0.1] AndroidManifest.xml:18:5-42
MERGED from [SlackWear:slackapi:unspecified] AndroidManifest.xml:7:5-9:41
MERGED from [com.android.support:support-v4:23.1.1] AndroidManifest.xml:20:5-43
MERGED from [com.android.support:support-v13:23.1.1] AndroidManifest.xml:20:5-44
MERGED from [com.android.support:support-v4:23.1.1] AndroidManifest.xml:20:5-43
MERGED from [com.android.support:cardview-v7:23.1.1] AndroidManifest.xml:20:5-43
	android:targetSdkVersion
		ADDED from src/main/AndroidManifest.xml:21:15-44
		INJECTED from src/main/AndroidManifest.xml
		INJECTED from src/main/AndroidManifest.xml
	android:minSdkVersion
		ADDED from src/main/AndroidManifest.xml:20:15-41
		INJECTED from src/main/AndroidManifest.xml
		INJECTED from src/main/AndroidManifest.xml
application
ADDED from src/main/AndroidManifest.xml:25:5-48:19
MERGED from [SlackWear:slackapi:unspecified] AndroidManifest.xml:11:5-15:19
MERGED from [com.android.support:support-v4:23.1.1] AndroidManifest.xml:22:5-20
MERGED from [com.android.support:support-v13:23.1.1] AndroidManifest.xml:22:5-20
MERGED from [com.android.support:support-v4:23.1.1] AndroidManifest.xml:22:5-20
MERGED from [com.android.support:cardview-v7:23.1.1] AndroidManifest.xml:22:5-20
	android:label
		ADDED from src/main/AndroidManifest.xml:28:9-29
	android:supportsRtl
		ADDED from [SlackWear:slackapi:unspecified] AndroidManifest.xml:14:9-35
	android:allowBackup
		ADDED from src/main/AndroidManifest.xml:26:9-35
	android:icon
		ADDED from src/main/AndroidManifest.xml:27:9-44
	android:theme
		ADDED from src/main/AndroidManifest.xml:29:9-40
uses-feature#android.hardware.type.watch
ADDED from src/main/AndroidManifest.xml:30:9-32:39
	android:required
		ADDED from src/main/AndroidManifest.xml:32:13-37
	android:name
		ADDED from src/main/AndroidManifest.xml:31:13-55
activity#com.example.android.wearable.elizachat.MainActivity
ADDED from src/main/AndroidManifest.xml:33:9-40:20
	android:label
		ADDED from src/main/AndroidManifest.xml:35:13-45
	android:name
		ADDED from src/main/AndroidManifest.xml:34:13-41
intent-filter#android.intent.action.MAIN+android.intent.category.LAUNCHER
ADDED from src/main/AndroidManifest.xml:36:13-39:29
action#android.intent.action.MAIN
ADDED from src/main/AndroidManifest.xml:37:17-69
	android:name
		ADDED from src/main/AndroidManifest.xml:37:25-66
category#android.intent.category.LAUNCHER
ADDED from src/main/AndroidManifest.xml:38:17-77
	android:name
		ADDED from src/main/AndroidManifest.xml:38:27-74
service#com.example.android.wearable.elizachat.ResponderService
ADDED from src/main/AndroidManifest.xml:41:9-47:19
	android:name
		ADDED from src/main/AndroidManifest.xml:42:13-45
intent-filter#com.example.android.wearable.elizachat.CONVERSATION+com.example.android.wearable.elizachat.REPLY
ADDED from src/main/AndroidManifest.xml:43:13-46:29
action#com.example.android.wearable.elizachat.REPLY
ADDED from src/main/AndroidManifest.xml:44:17-87
	android:name
		ADDED from src/main/AndroidManifest.xml:44:25-84
action#com.example.android.wearable.elizachat.CONVERSATION
ADDED from src/main/AndroidManifest.xml:45:17-94
	android:name
		ADDED from src/main/AndroidManifest.xml:45:25-91